2025-03-19 14:04:47,202 - root - INFO - 初始化 data_acquisition 层
2025-03-19 14:04:50,554 - kafka.conn - WARNING - DNS lookup failed for kafka:9092, exception was [Errno -2] Name or service not known. Is your advertised.listeners (called advertised.host.name before Kafka 9) correct and resolvable?
2025-03-19 14:04:50,554 - kafka.conn - ERROR - DNS lookup failed for kafka:9092 (AddressFamily.AF_UNSPEC)
2025-03-19 14:04:50,554 - kafka.conn - INFO - Probing node bootstrap-0 broker version
2025-03-19 14:04:53,835 - kafka.conn - WARNING - DNS lookup failed for kafka:9092, exception was [Errno -2] Name or service not known. Is your advertised.listeners (called advertised.host.name before Kafka 9) correct and resolvable?
2025-03-19 14:04:53,837 - kafka.conn - ERROR - DNS lookup failed for kafka:9092 (AddressFamily.AF_UNSPEC)
2025-03-19 14:04:53,837 - root - ERROR - 初始化 data_acquisition 层失败: NoBrokersAvailable
2025-03-19 14:04:53,838 - root - INFO - 初始化 data_processing 层
2025-03-19 14:04:57,126 - kafka.conn - WARNING - DNS lookup failed for kafka:9092, exception was [Errno -2] Name or service not known. Is your advertised.listeners (called advertised.host.name before Kafka 9) correct and resolvable?
2025-03-19 14:04:57,127 - kafka.conn - ERROR - DNS lookup failed for kafka:9092 (AddressFamily.AF_UNSPEC)
2025-03-19 14:04:57,127 - kafka.conn - INFO - Probing node bootstrap-0 broker version
2025-03-19 14:05:00,413 - kafka.conn - WARNING - DNS lookup failed for kafka:9092, exception was [Errno -2] Name or service not known. Is your advertised.listeners (called advertised.host.name before Kafka 9) correct and resolvable?
2025-03-19 14:05:00,414 - kafka.conn - ERROR - DNS lookup failed for kafka:9092 (AddressFamily.AF_UNSPEC)
2025-03-19 14:05:00,414 - root - ERROR - 初始化 data_processing 层失败: NoBrokersAvailable
2025-03-19 14:05:00,415 - root - INFO - 初始化 network_topology 层
2025-03-19 14:05:03,728 - kafka.conn - WARNING - DNS lookup failed for kafka:9092, exception was [Errno -2] Name or service not known. Is your advertised.listeners (called advertised.host.name before Kafka 9) correct and resolvable?
2025-03-19 14:05:03,728 - kafka.conn - ERROR - DNS lookup failed for kafka:9092 (AddressFamily.AF_UNSPEC)
2025-03-19 14:05:03,728 - kafka.conn - INFO - Probing node bootstrap-0 broker version
2025-03-19 14:05:07,004 - kafka.conn - WARNING - DNS lookup failed for kafka:9092, exception was [Errno -2] Name or service not known. Is your advertised.listeners (called advertised.host.name before Kafka 9) correct and resolvable?
2025-03-19 14:05:07,005 - kafka.conn - ERROR - DNS lookup failed for kafka:9092 (AddressFamily.AF_UNSPEC)
2025-03-19 14:05:07,005 - root - ERROR - 初始化 network_topology 层失败: NoBrokersAvailable
2025-03-19 14:05:07,006 - root - INFO - 初始化 holographic_mapping 层
2025-03-19 14:05:10,300 - kafka.conn - WARNING - DNS lookup failed for kafka:9092, exception was [Errno -2] Name or service not known. Is your advertised.listeners (called advertised.host.name before Kafka 9) correct and resolvable?
2025-03-19 14:05:10,300 - kafka.conn - ERROR - DNS lookup failed for kafka:9092 (AddressFamily.AF_UNSPEC)
2025-03-19 14:05:10,300 - kafka.conn - INFO - Probing node bootstrap-0 broker version
2025-03-19 14:05:13,582 - kafka.conn - WARNING - DNS lookup failed for kafka:9092, exception was [Errno -2] Name or service not known. Is your advertised.listeners (called advertised.host.name before Kafka 9) correct and resolvable?
2025-03-19 14:05:13,582 - kafka.conn - ERROR - DNS lookup failed for kafka:9092 (AddressFamily.AF_UNSPEC)
2025-03-19 14:05:13,582 - root - ERROR - 初始化 holographic_mapping 层失败: NoBrokersAvailable
2025-03-19 14:05:13,583 - root - INFO - 初始化 realtime_search 层
2025-03-19 14:05:16,872 - kafka.conn - WARNING - DNS lookup failed for kafka:9092, exception was [Errno -2] Name or service not known. Is your advertised.listeners (called advertised.host.name before Kafka 9) correct and resolvable?
2025-03-19 14:05:16,873 - kafka.conn - ERROR - DNS lookup failed for kafka:9092 (AddressFamily.AF_UNSPEC)
2025-03-19 14:05:16,873 - kafka.conn - INFO - Probing node bootstrap-0 broker version
2025-03-19 14:05:20,150 - kafka.conn - WARNING - DNS lookup failed for kafka:9092, exception was [Errno -2] Name or service not known. Is your advertised.listeners (called advertised.host.name before Kafka 9) correct and resolvable?
2025-03-19 14:05:20,150 - kafka.conn - ERROR - DNS lookup failed for kafka:9092 (AddressFamily.AF_UNSPEC)
2025-03-19 14:05:20,151 - root - ERROR - 初始化 realtime_search 层失败: NoBrokersAvailable
2025-03-19 14:05:20,151 - root - INFO - 初始化 user_interface 层
2025-03-19 14:05:20,151 - root - INFO - 启动HIDRS系统...
2025-03-19 14:05:20,152 - root - INFO - 层 user_interface 将在 25 秒后启动
2025-03-19 14:05:20,152 - root - INFO - 所有层已开始启动过程
2025-03-19 14:05:45,187 - flask_debug - DEBUG - Flask template folder: /app/templates
2025-03-19 14:05:45,189 - flask_debug - DEBUG - Template loader: <jinja2.loaders.FileSystemLoader object at 0x7f0b9d99d1f0>
2025-03-19 14:05:45,190 - flask_debug - DEBUG - Template exists!
2025-03-19 14:05:48,498 - kafka.conn - WARNING - DNS lookup failed for kafka:9092, exception was [Errno -2] Name or service not known. Is your advertised.listeners (called advertised.host.name before Kafka 9) correct and resolvable?
2025-03-19 14:05:48,498 - kafka.conn - ERROR - DNS lookup failed for kafka:9092 (AddressFamily.AF_UNSPEC)
2025-03-19 14:05:48,499 - kafka.conn - INFO - Probing node bootstrap-0 broker version
2025-03-19 14:05:51,787 - kafka.conn - WARNING - DNS lookup failed for kafka:9092, exception was [Errno -2] Name or service not known. Is your advertised.listeners (called advertised.host.name before Kafka 9) correct and resolvable?
2025-03-19 14:05:51,787 - kafka.conn - ERROR - DNS lookup failed for kafka:9092 (AddressFamily.AF_UNSPEC)
2025-03-19 14:05:51,788 - root - ERROR - 启动层 user_interface 失败: NoBrokersAvailable
2025-03-19 14:08:24,914 - root - INFO - 接收到信号 15，开始关闭系统...
2025-03-19 14:08:24,914 - root - INFO - 关闭HIDRS系统...
2025-03-19 14:08:24,915 - root - INFO - 层 user_interface 已停止
2025-03-19 14:08:24,915 - root - INFO - HIDRS系统已关闭
